nohup: ignoring input
/home/ftproot/ftp/files/game2/phaser-game/dist dirnaem
server listening at https://localhost:3001
connected with transport webtransport
connected with transport webtransport
connected with transport webtransport
connected with transport webtransport
connected with transport webtransport
connected with transport webtransport
connected with transport webtransport
disconnected due to transport close
connected with transport webtransport
[object Object]request
Error: ENOENT: no such file or directory, stat '/home/ftproot/ftp/files/game2/webtransport-server/dist/index.html'
connected with transport webtransport
[object Object]request
Error: ENOENT: no such file or directory, stat '/home/ftproot/ftp/files/game2/webtransport-server/dist/index.html'
connected with transport webtransport
[object Object]request
Error: ENOENT: no such file or directory, stat '/home/ftproot/ftp/files/game2/webtransport-server/dist/index.html'
connected with transport webtransport
connected with transport webtransport
disconnected due to transport close
disconnected due to transport close
disconnected due to transport close
disconnected due to transport close
disconnected due to transport close
disconnected due to transport close
connected with transport webtransport
disconnected due to transport close
disconnected due to transport close
connected with transport webtransport
connected with transport webtransport
connected with transport webtransport
disconnected due to transport close
connected with transport webtransport
disconnected due to transport close
disconnected due to transport close
disconnected due to transport close
disconnected due to transport close
connected with transport webtransport
disconnected due to transport close
connected with transport webtransport
connected with transport webtransport
connected with transport webtransport
connected with transport webtransport
connected with transport webtransport
connected with transport webtransport
disconnected due to transport close
connected with transport webtransport
connected with transport webtransport
connected with transport webtransport
connected with transport webtransport
connected with transport webtransport
connected with transport webtransport
connected with transport webtransport
connected with transport webtransport
connected with transport webtransport
connected with transport webtransport
connected with transport webtransport
connected with transport webtransport
connected with transport webtransport
connected with transport webtransport
connected with transport webtransport
connected with transport webtransport
connected with transport webtransport
disconnected due to transport close
connected with transport webtransport
connected with transport webtransport
connected with transport webtransport
connected with transport webtransport
connected with transport webtransport
connected with transport webtransport
connected with transport webtransport
disconnected due to transport close
disconnected due to transport close
disconnected due to transport close
disconnected due to transport close
disconnected due to transport close
disconnected due to transport close
disconnected due to transport close
disconnected due to transport close
disconnected due to transport close
connected with transport webtransport
connected with transport webtransport
connected with transport webtransport
connected with transport webtransport
connected with transport webtransport
connected with transport webtransport
connected with transport webtransport
connected with transport webtransport
connected with transport webtransport
disconnected due to transport close
connected with transport webtransport
disconnected due to transport close
connected with transport webtransport
disconnected due to transport close
connected with transport webtransport
disconnected due to transport close
connected with transport webtransport
disconnected due to transport close
connected with transport webtransport
disconnected due to transport close
connected with transport webtransport
disconnected due to transport close
connected with transport webtransport
disconnected due to transport close
connected with transport webtransport
disconnected due to transport close
connected with transport webtransport
disconnected due to transport close
disconnected due to transport close
connected with transport webtransport
disconnected due to transport close
disconnected due to transport close
disconnected due to transport close
connected with transport webtransport
connected with transport webtransport
disconnected due to transport close
connected with transport webtransport
disconnected due to transport close
connected with transport webtransport
disconnected due to transport close
connected with transport webtransport
connected with transport webtransport
disconnected due to transport close
disconnected due to transport close
connected with transport webtransport
connected with transport webtransport
connected with transport webtransport
connected with transport webtransport
connected with transport webtransport
connected with transport webtransport
disconnected due to transport close
disconnected due to transport close
disconnected due to transport close
disconnected due to transport close
disconnected due to transport close
disconnected due to transport close
disconnected due to transport close
disconnected due to transport close
disconnected due to transport close
disconnected due to transport close
disconnected due to transport close
disconnected due to transport close
disconnected due to transport close
disconnected due to transport close
disconnected due to transport close
disconnected due to transport close
disconnected due to transport close
disconnected due to transport close
disconnected due to transport close
disconnected due to transport close
disconnected due to transport close
disconnected due to transport close
disconnected due to transport close
disconnected due to transport close
disconnected due to transport close
disconnected due to transport close
disconnected due to transport close
disconnected due to transport close
disconnected due to transport close
disconnected due to transport close
disconnected due to transport close
connected with transport webtransport
connected with transport webtransport
connected with transport webtransport
connected with transport webtransport
connected with transport webtransport
connected with transport webtransport
connected with transport webtransport
connected with transport webtransport
connected with transport webtransport
connected with transport webtransport
connected with transport webtransport
connected with transport webtransport
disconnected due to transport close
disconnected due to transport close
disconnected due to transport close
disconnected due to transport close
disconnected due to transport close
disconnected due to transport close
disconnected due to transport close
disconnected due to transport close
disconnected due to transport close
disconnected due to transport close
disconnected due to transport close
disconnected due to transport close
connected with transport webtransport
disconnected due to transport close
connected with transport webtransport
disconnected due to transport close
disconnected due to transport close
connected with transport webtransport
disconnected due to transport close
